<?xml version="1.0" encoding="UTF-8"?>
<coverage generated="1751714352557" clover="3.2.0">
  <project timestamp="1751714352557" name="All files">
    <metrics statements="58" coveredstatements="43" conditionals="12" coveredconditionals="7" methods="21" coveredmethods="19" elements="91" coveredelements="69" complexity="0" loc="58" ncloc="58" packages="3" files="9" classes="9"/>
    <package name="src.axios">
      <metrics statements="33" coveredstatements="19" conditionals="12" coveredconditionals="7" methods="4" coveredmethods="3"/>
      <file name="axios.jsx" path="C:\Users\Artan\Desktop\DayStride-SQAT\frontend\src\axios\axios.jsx">
        <metrics statements="33" coveredstatements="19" conditionals="12" coveredconditionals="7" methods="4" coveredmethods="3"/>
        <line num="6" count="5" type="stmt"/>
        <line num="7" count="5" type="stmt"/>
        <line num="16" count="5" type="stmt"/>
        <line num="18" count="94" type="stmt"/>
        <line num="19" count="94" type="cond" truecount="2" falsecount="0"/>
        <line num="20" count="82" type="stmt"/>
        <line num="21" count="82" type="stmt"/>
        <line num="22" count="82" type="cond" truecount="1" falsecount="1"/>
        <line num="23" count="82" type="stmt"/>
        <line num="26" count="0" type="stmt"/>
        <line num="29" count="94" type="stmt"/>
        <line num="31" count="0" type="stmt"/>
        <line num="35" count="5" type="stmt"/>
        <line num="36" count="93" type="stmt"/>
        <line num="38" count="1" type="stmt"/>
        <line num="39" count="1" type="cond" truecount="3" falsecount="1"/>
        <line num="40" count="1" type="stmt"/>
        <line num="41" count="1" type="stmt"/>
        <line num="42" count="1" type="stmt"/>
        <line num="43" count="1" type="cond" truecount="1" falsecount="1"/>
        <line num="44" count="0" type="stmt"/>
        <line num="45" count="0" type="cond" truecount="0" falsecount="2"/>
        <line num="46" count="0" type="stmt"/>
        <line num="50" count="0" type="stmt"/>
        <line num="51" count="0" type="stmt"/>
        <line num="52" count="0" type="stmt"/>
        <line num="53" count="0" type="stmt"/>
        <line num="54" count="0" type="stmt"/>
        <line num="58" count="0" type="stmt"/>
        <line num="59" count="0" type="stmt"/>
        <line num="60" count="0" type="stmt"/>
        <line num="61" count="0" type="stmt"/>
        <line num="64" count="1" type="stmt"/>
      </file>
    </package>
    <package name="src.repository">
      <metrics statements="21" coveredstatements="20" conditionals="0" coveredconditionals="0" methods="17" coveredmethods="16"/>
      <file name="DashBoardRepository.js" path="C:\Users\Artan\Desktop\DayStride-SQAT\frontend\src\repository\DashBoardRepository.js">
        <metrics statements="2" coveredstatements="2" conditionals="0" coveredconditionals="0" methods="1" coveredmethods="1"/>
        <line num="4" count="1" type="stmt"/>
        <line num="6" count="1" type="stmt"/>
      </file>
      <file name="GoalRepository.js" path="C:\Users\Artan\Desktop\DayStride-SQAT\frontend\src\repository\GoalRepository.js">
        <metrics statements="10" coveredstatements="9" conditionals="0" coveredconditionals="0" methods="9" coveredmethods="8"/>
        <line num="4" count="2" type="stmt"/>
        <line num="7" count="1" type="stmt"/>
        <line num="12" count="0" type="stmt"/>
        <line num="16" count="2" type="stmt"/>
        <line num="20" count="1" type="stmt"/>
        <line num="24" count="1" type="stmt"/>
        <line num="29" count="14" type="stmt"/>
        <line num="33" count="1" type="stmt"/>
        <line num="37" count="1" type="stmt"/>
        <line num="41" count="14" type="stmt"/>
      </file>
      <file name="HabitRepository.js" path="C:\Users\Artan\Desktop\DayStride-SQAT\frontend\src\repository\HabitRepository.js">
        <metrics statements="1" coveredstatements="1" conditionals="0" coveredconditionals="0" methods="0" coveredmethods="0"/>
        <line num="4" count="2" type="stmt"/>
      </file>
      <file name="IRepository.js" path="C:\Users\Artan\Desktop\DayStride-SQAT\frontend\src\repository\IRepository.js">
        <metrics statements="7" coveredstatements="7" conditionals="0" coveredconditionals="0" methods="7" coveredmethods="7"/>
        <line num="4" count="4" type="stmt"/>
        <line num="6" count="3" type="stmt"/>
        <line num="10" count="1" type="stmt"/>
        <line num="14" count="27" type="stmt"/>
        <line num="18" count="1" type="stmt"/>
        <line num="22" count="1" type="stmt"/>
        <line num="26" count="13" type="stmt"/>
      </file>
      <file name="ToDoRepository.js" path="C:\Users\Artan\Desktop\DayStride-SQAT\frontend\src\repository\ToDoRepository.js">
        <metrics statements="1" coveredstatements="1" conditionals="0" coveredconditionals="0" methods="0" coveredmethods="0"/>
        <line num="4" count="2" type="stmt"/>
      </file>
    </package>
    <package name="tests.integration.in-the-large.Mock">
      <metrics statements="4" coveredstatements="4" conditionals="0" coveredconditionals="0" methods="0" coveredmethods="0"/>
      <file name="mockGoals.js" path="C:\Users\Artan\Desktop\DayStride-SQAT\frontend\tests\integration\in-the-large\Mock\mockGoals.js">
        <metrics statements="1" coveredstatements="1" conditionals="0" coveredconditionals="0" methods="0" coveredmethods="0"/>
        <line num="1" count="2" type="stmt"/>
      </file>
      <file name="mockHabits.js" path="C:\Users\Artan\Desktop\DayStride-SQAT\frontend\tests\integration\in-the-large\Mock\mockHabits.js">
        <metrics statements="2" coveredstatements="2" conditionals="0" coveredconditionals="0" methods="0" coveredmethods="0"/>
        <line num="1" count="2" type="stmt"/>
        <line num="3" count="2" type="stmt"/>
      </file>
      <file name="mockTodos.js" path="C:\Users\Artan\Desktop\DayStride-SQAT\frontend\tests\integration\in-the-large\Mock\mockTodos.js">
        <metrics statements="1" coveredstatements="1" conditionals="0" coveredconditionals="0" methods="0" coveredmethods="0"/>
        <line num="1" count="2" type="stmt"/>
      </file>
    </package>
  </project>
</coverage>
