{"C:\\Users\\Artan\\Desktop\\DayStride-SQAT\\frontend\\src\\axios\\axios.jsx": {"path":"C:\\Users\\Artan\\Desktop\\DayStride-SQAT\\frontend\\src\\axios\\axios.jsx","statementMap":{"0":{"start":{"line":6,"column":17},"end":{"line":6,"column":24}},"1":{"start":{"line":7,"column":22},"end":{"line":13,"column":2}},"2":{"start":{"line":16,"column":0},"end":{"line":32,"column":2}},"3":{"start":{"line":18,"column":23},"end":{"line":18,"column":53}},"4":{"start":{"line":19,"column":8},"end":{"line":28,"column":9}},"5":{"start":{"line":20,"column":12},"end":{"line":27,"column":13}},"6":{"start":{"line":21,"column":33},"end":{"line":21,"column":51}},"7":{"start":{"line":22,"column":16},"end":{"line":24,"column":17}},"8":{"start":{"line":23,"column":20},"end":{"line":23,"column":70}},"9":{"start":{"line":26,"column":16},"end":{"line":26,"column":62}},"10":{"start":{"line":29,"column":8},"end":{"line":29,"column":22}},"11":{"start":{"line":31,"column":15},"end":{"line":31,"column":36}},"12":{"start":{"line":35,"column":0},"end":{"line":66,"column":2}},"13":{"start":{"line":36,"column":18},"end":{"line":36,"column":26}},"14":{"start":{"line":38,"column":32},"end":{"line":38,"column":44}},"15":{"start":{"line":39,"column":8},"end":{"line":63,"column":9}},"16":{"start":{"line":40,"column":12},"end":{"line":40,"column":42}},"17":{"start":{"line":41,"column":12},"end":{"line":62,"column":13}},"18":{"start":{"line":42,"column":31},"end":{"line":42,"column":61}},"19":{"start":{"line":43,"column":16},"end":{"line":56,"column":17}},"20":{"start":{"line":44,"column":38},"end":{"line":44,"column":56}},"21":{"start":{"line":45,"column":20},"end":{"line":55,"column":21}},"22":{"start":{"line":46,"column":36},"end":{"line":49,"column":25}},"23":{"start":{"line":50,"column":42},"end":{"line":50,"column":50}},"24":{"start":{"line":51,"column":24},"end":{"line":51,"column":82}},"25":{"start":{"line":52,"column":24},"end":{"line":52,"column":100}},"26":{"start":{"line":53,"column":24},"end":{"line":53,"column":93}},"27":{"start":{"line":54,"column":24},"end":{"line":54,"column":62}},"28":{"start":{"line":58,"column":16},"end":{"line":58,"column":69}},"29":{"start":{"line":59,"column":16},"end":{"line":59,"column":50}},"30":{"start":{"line":60,"column":16},"end":{"line":60,"column":48}},"31":{"start":{"line":61,"column":16},"end":{"line":61,"column":52}},"32":{"start":{"line":64,"column":8},"end":{"line":64,"column":37}}},"fnMap":{"0":{"name":"(anonymous_0)","decl":{"start":{"line":17,"column":4},"end":{"line":17,"column":5}},"loc":{"start":{"line":17,"column":16},"end":{"line":30,"column":5}},"line":17},"1":{"name":"(anonymous_1)","decl":{"start":{"line":31,"column":4},"end":{"line":31,"column":5}},"loc":{"start":{"line":31,"column":15},"end":{"line":31,"column":36}},"line":31},"2":{"name":"(anonymous_2)","decl":{"start":{"line":36,"column":4},"end":{"line":36,"column":5}},"loc":{"start":{"line":36,"column":18},"end":{"line":36,"column":26}},"line":36},"3":{"name":"(anonymous_3)","decl":{"start":{"line":37,"column":4},"end":{"line":37,"column":5}},"loc":{"start":{"line":37,"column":21},"end":{"line":65,"column":5}},"line":37}},"branchMap":{"0":{"loc":{"start":{"line":19,"column":8},"end":{"line":28,"column":9}},"type":"if","locations":[{"start":{"line":19,"column":8},"end":{"line":28,"column":9}},{"start":{},"end":{}}],"line":19},"1":{"loc":{"start":{"line":22,"column":16},"end":{"line":24,"column":17}},"type":"if","locations":[{"start":{"line":22,"column":16},"end":{"line":24,"column":17}},{"start":{},"end":{}}],"line":22},"2":{"loc":{"start":{"line":39,"column":8},"end":{"line":63,"column":9}},"type":"if","locations":[{"start":{"line":39,"column":8},"end":{"line":63,"column":9}},{"start":{},"end":{}}],"line":39},"3":{"loc":{"start":{"line":39,"column":12},"end":{"line":39,"column":69}},"type":"binary-expr","locations":[{"start":{"line":39,"column":12},"end":{"line":39,"column":42}},{"start":{"line":39,"column":46},"end":{"line":39,"column":69}}],"line":39},"4":{"loc":{"start":{"line":43,"column":16},"end":{"line":56,"column":17}},"type":"if","locations":[{"start":{"line":43,"column":16},"end":{"line":56,"column":17}},{"start":{},"end":{}}],"line":43},"5":{"loc":{"start":{"line":45,"column":20},"end":{"line":55,"column":21}},"type":"if","locations":[{"start":{"line":45,"column":20},"end":{"line":55,"column":21}},{"start":{},"end":{}}],"line":45}},"s":{"0":5,"1":5,"2":5,"3":94,"4":94,"5":82,"6":82,"7":82,"8":82,"9":0,"10":94,"11":0,"12":5,"13":93,"14":1,"15":1,"16":1,"17":1,"18":1,"19":1,"20":0,"21":0,"22":0,"23":0,"24":0,"25":0,"26":0,"27":0,"28":0,"29":0,"30":0,"31":0,"32":1},"f":{"0":94,"1":0,"2":93,"3":1},"b":{"0":[82,12],"1":[82,0],"2":[1,0],"3":[1,1],"4":[0,1],"5":[0,0]},"_coverageSchema":"1a1c01bbd47fc00a2c39e90264f33305004495a9","hash":"8fbbed7798995d49f8a02b0184523be868094bf0"}
,"C:\\Users\\Artan\\Desktop\\DayStride-SQAT\\frontend\\src\\repository\\DashBoardRepository.js": {"path":"C:\\Users\\Artan\\Desktop\\DayStride-SQAT\\frontend\\src\\repository\\DashBoardRepository.js","statementMap":{"0":{"start":{"line":4,"column":28},"end":{"line":8,"column":1}},"1":{"start":{"line":6,"column":4},"end":{"line":6,"column":50}}},"fnMap":{"0":{"name":"(anonymous_0)","decl":{"start":{"line":5,"column":22},"end":{"line":5,"column":23}},"loc":{"start":{"line":5,"column":34},"end":{"line":7,"column":3}},"line":5}},"branchMap":{},"s":{"0":1,"1":1},"f":{"0":1},"b":{},"_coverageSchema":"1a1c01bbd47fc00a2c39e90264f33305004495a9","hash":"bf86ea4428b07bdd900adb7e3a9ebf69938af0ca"}
,"C:\\Users\\Artan\\Desktop\\DayStride-SQAT\\frontend\\src\\repository\\GoalRepository.js": {"path":"C:\\Users\\Artan\\Desktop\\DayStride-SQAT\\frontend\\src\\repository\\GoalRepository.js","statementMap":{"0":{"start":{"line":4,"column":23},"end":{"line":43,"column":1}},"1":{"start":{"line":7,"column":8},"end":{"line":7,"column":50}},"2":{"start":{"line":12,"column":8},"end":{"line":12,"column":53}},"3":{"start":{"line":16,"column":8},"end":{"line":16,"column":56}},"4":{"start":{"line":20,"column":8},"end":{"line":20,"column":68}},"5":{"start":{"line":24,"column":8},"end":{"line":24,"column":69}},"6":{"start":{"line":29,"column":8},"end":{"line":29,"column":57}},"7":{"start":{"line":33,"column":8},"end":{"line":33,"column":62}},"8":{"start":{"line":37,"column":8},"end":{"line":37,"column":64}},"9":{"start":{"line":41,"column":8},"end":{"line":41,"column":59}}},"fnMap":{"0":{"name":"(anonymous_0)","decl":{"start":{"line":5,"column":19},"end":{"line":5,"column":20}},"loc":{"start":{"line":5,"column":31},"end":{"line":8,"column":5}},"line":5},"1":{"name":"(anonymous_1)","decl":{"start":{"line":10,"column":19},"end":{"line":10,"column":20}},"loc":{"start":{"line":10,"column":31},"end":{"line":13,"column":5}},"line":10},"2":{"name":"(anonymous_2)","decl":{"start":{"line":15,"column":14},"end":{"line":15,"column":15}},"loc":{"start":{"line":15,"column":28},"end":{"line":17,"column":5}},"line":15},"3":{"name":"(anonymous_3)","decl":{"start":{"line":19,"column":14},"end":{"line":19,"column":15}},"loc":{"start":{"line":19,"column":28},"end":{"line":21,"column":5}},"line":19},"4":{"name":"(anonymous_4)","decl":{"start":{"line":23,"column":15},"end":{"line":23,"column":16}},"loc":{"start":{"line":23,"column":29},"end":{"line":25,"column":5}},"line":23},"5":{"name":"(anonymous_5)","decl":{"start":{"line":28,"column":12},"end":{"line":28,"column":13}},"loc":{"start":{"line":28,"column":28},"end":{"line":30,"column":5}},"line":28},"6":{"name":"(anonymous_6)","decl":{"start":{"line":32,"column":12},"end":{"line":32,"column":13}},"loc":{"start":{"line":32,"column":32},"end":{"line":34,"column":5}},"line":32},"7":{"name":"(anonymous_7)","decl":{"start":{"line":36,"column":19},"end":{"line":36,"column":20}},"loc":{"start":{"line":36,"column":39},"end":{"line":38,"column":5}},"line":36},"8":{"name":"(anonymous_8)","decl":{"start":{"line":40,"column":12},"end":{"line":40,"column":13}},"loc":{"start":{"line":40,"column":26},"end":{"line":42,"column":5}},"line":40}},"branchMap":{},"s":{"0":2,"1":1,"2":0,"3":2,"4":1,"5":1,"6":14,"7":1,"8":1,"9":14},"f":{"0":1,"1":0,"2":2,"3":1,"4":1,"5":14,"6":1,"7":1,"8":14},"b":{},"_coverageSchema":"1a1c01bbd47fc00a2c39e90264f33305004495a9","hash":"22583d22743f8f2552de60f2bc237d58ebee759e"}
,"C:\\Users\\Artan\\Desktop\\DayStride-SQAT\\frontend\\src\\repository\\HabitRepository.js": {"path":"C:\\Users\\Artan\\Desktop\\DayStride-SQAT\\frontend\\src\\repository\\HabitRepository.js","statementMap":{"0":{"start":{"line":4,"column":24},"end":{"line":4,"column":46}}},"fnMap":{},"branchMap":{},"s":{"0":2},"f":{},"b":{},"_coverageSchema":"1a1c01bbd47fc00a2c39e90264f33305004495a9","hash":"7c71f539420e20b6c1096b8282d49b319928db32"}
,"C:\\Users\\Artan\\Desktop\\DayStride-SQAT\\frontend\\src\\repository\\IRepository.js": {"path":"C:\\Users\\Artan\\Desktop\\DayStride-SQAT\\frontend\\src\\repository\\IRepository.js","statementMap":{"0":{"start":{"line":4,"column":20},"end":{"line":28,"column":2}},"1":{"start":{"line":4,"column":33},"end":{"line":28,"column":1}},"2":{"start":{"line":6,"column":4},"end":{"line":6,"column":49}},"3":{"start":{"line":10,"column":4},"end":{"line":10,"column":55}},"4":{"start":{"line":14,"column":4},"end":{"line":14,"column":56}},"5":{"start":{"line":18,"column":4},"end":{"line":18,"column":61}},"6":{"start":{"line":22,"column":4},"end":{"line":22,"column":63}},"7":{"start":{"line":26,"column":4},"end":{"line":26,"column":58}}},"fnMap":{"0":{"name":"(anonymous_0)","decl":{"start":{"line":4,"column":20},"end":{"line":4,"column":21}},"loc":{"start":{"line":4,"column":33},"end":{"line":28,"column":1}},"line":4},"1":{"name":"(anonymous_1)","decl":{"start":{"line":5,"column":11},"end":{"line":5,"column":12}},"loc":{"start":{"line":5,"column":23},"end":{"line":7,"column":3}},"line":5},"2":{"name":"(anonymous_2)","decl":{"start":{"line":9,"column":12},"end":{"line":9,"column":13}},"loc":{"start":{"line":9,"column":26},"end":{"line":11,"column":3}},"line":9},"3":{"name":"(anonymous_3)","decl":{"start":{"line":13,"column":10},"end":{"line":13,"column":11}},"loc":{"start":{"line":13,"column":26},"end":{"line":15,"column":3}},"line":13},"4":{"name":"(anonymous_4)","decl":{"start":{"line":17,"column":10},"end":{"line":17,"column":11}},"loc":{"start":{"line":17,"column":30},"end":{"line":19,"column":3}},"line":17},"5":{"name":"(anonymous_5)","decl":{"start":{"line":21,"column":17},"end":{"line":21,"column":18}},"loc":{"start":{"line":21,"column":37},"end":{"line":23,"column":3}},"line":21},"6":{"name":"(anonymous_6)","decl":{"start":{"line":25,"column":10},"end":{"line":25,"column":11}},"loc":{"start":{"line":25,"column":24},"end":{"line":27,"column":3}},"line":25}},"branchMap":{},"s":{"0":3,"1":4,"2":3,"3":1,"4":27,"5":1,"6":1,"7":13},"f":{"0":4,"1":3,"2":1,"3":27,"4":1,"5":1,"6":13},"b":{},"_coverageSchema":"1a1c01bbd47fc00a2c39e90264f33305004495a9","hash":"bc53c763adae412e290b595fe90137eeb35c9e2e"}
,"C:\\Users\\Artan\\Desktop\\DayStride-SQAT\\frontend\\src\\repository\\ToDoRepository.js": {"path":"C:\\Users\\Artan\\Desktop\\DayStride-SQAT\\frontend\\src\\repository\\ToDoRepository.js","statementMap":{"0":{"start":{"line":4,"column":23},"end":{"line":4,"column":44}}},"fnMap":{},"branchMap":{},"s":{"0":2},"f":{},"b":{},"_coverageSchema":"1a1c01bbd47fc00a2c39e90264f33305004495a9","hash":"0b4a51ef4256b7a62032829cef97677809905cbd"}
,"C:\\Users\\Artan\\Desktop\\DayStride-SQAT\\frontend\\tests\\integration\\in-the-large\\Mock\\mockGoals.js": {"path":"C:\\Users\\Artan\\Desktop\\DayStride-SQAT\\frontend\\tests\\integration\\in-the-large\\Mock\\mockGoals.js","statementMap":{"0":{"start":{"line":1,"column":25},"end":{"line":58,"column":1}}},"fnMap":{},"branchMap":{},"s":{"0":2},"f":{},"b":{},"_coverageSchema":"1a1c01bbd47fc00a2c39e90264f33305004495a9","hash":"4cd52f8106b05f7d5123c9403170650d79cd84b0"}
,"C:\\Users\\Artan\\Desktop\\DayStride-SQAT\\frontend\\tests\\integration\\in-the-large\\Mock\\mockHabits.js": {"path":"C:\\Users\\Artan\\Desktop\\DayStride-SQAT\\frontend\\tests\\integration\\in-the-large\\Mock\\mockHabits.js","statementMap":{"0":{"start":{"line":1,"column":30},"end":{"line":1,"column":43}},"1":{"start":{"line":3,"column":26},"end":{"line":53,"column":1}}},"fnMap":{},"branchMap":{},"s":{"0":2,"1":2},"f":{},"b":{},"_coverageSchema":"1a1c01bbd47fc00a2c39e90264f33305004495a9","hash":"289ee12074ddfe4bed1aa0adc2645330f451c854"}
,"C:\\Users\\Artan\\Desktop\\DayStride-SQAT\\frontend\\tests\\integration\\in-the-large\\Mock\\mockTodos.js": {"path":"C:\\Users\\Artan\\Desktop\\DayStride-SQAT\\frontend\\tests\\integration\\in-the-large\\Mock\\mockTodos.js","statementMap":{"0":{"start":{"line":1,"column":25},"end":{"line":72,"column":1}}},"fnMap":{},"branchMap":{},"s":{"0":2},"f":{},"b":{},"_coverageSchema":"1a1c01bbd47fc00a2c39e90264f33305004495a9","hash":"cbd5130649a04c9e4ea05bdf1b553289ef1509d9"}
}
