{"C:\\Users\\Artan\\Desktop\\DayStride-SQAT\\frontend\\src\\axios\\axios.jsx": {"path":"C:\\Users\\Artan\\Desktop\\DayStride-SQAT\\frontend\\src\\axios\\axios.jsx","statementMap":{"0":{"start":{"line":6,"column":17},"end":{"line":6,"column":24}},"1":{"start":{"line":7,"column":22},"end":{"line":13,"column":2}},"2":{"start":{"line":16,"column":0},"end":{"line":32,"column":2}},"3":{"start":{"line":18,"column":23},"end":{"line":18,"column":53}},"4":{"start":{"line":19,"column":8},"end":{"line":28,"column":9}},"5":{"start":{"line":20,"column":12},"end":{"line":27,"column":13}},"6":{"start":{"line":21,"column":33},"end":{"line":21,"column":51}},"7":{"start":{"line":22,"column":16},"end":{"line":24,"column":17}},"8":{"start":{"line":23,"column":20},"end":{"line":23,"column":70}},"9":{"start":{"line":26,"column":16},"end":{"line":26,"column":62}},"10":{"start":{"line":29,"column":8},"end":{"line":29,"column":22}},"11":{"start":{"line":31,"column":15},"end":{"line":31,"column":36}},"12":{"start":{"line":35,"column":0},"end":{"line":66,"column":2}},"13":{"start":{"line":36,"column":18},"end":{"line":36,"column":26}},"14":{"start":{"line":38,"column":32},"end":{"line":38,"column":44}},"15":{"start":{"line":39,"column":8},"end":{"line":63,"column":9}},"16":{"start":{"line":40,"column":12},"end":{"line":40,"column":42}},"17":{"start":{"line":41,"column":12},"end":{"line":62,"column":13}},"18":{"start":{"line":42,"column":31},"end":{"line":42,"column":61}},"19":{"start":{"line":43,"column":16},"end":{"line":56,"column":17}},"20":{"start":{"line":44,"column":38},"end":{"line":44,"column":56}},"21":{"start":{"line":45,"column":20},"end":{"line":55,"column":21}},"22":{"start":{"line":46,"column":36},"end":{"line":49,"column":25}},"23":{"start":{"line":50,"column":42},"end":{"line":50,"column":50}},"24":{"start":{"line":51,"column":24},"end":{"line":51,"column":82}},"25":{"start":{"line":52,"column":24},"end":{"line":52,"column":100}},"26":{"start":{"line":53,"column":24},"end":{"line":53,"column":93}},"27":{"start":{"line":54,"column":24},"end":{"line":54,"column":62}},"28":{"start":{"line":58,"column":16},"end":{"line":58,"column":69}},"29":{"start":{"line":59,"column":16},"end":{"line":59,"column":50}},"30":{"start":{"line":60,"column":16},"end":{"line":60,"column":48}},"31":{"start":{"line":61,"column":16},"end":{"line":61,"column":52}},"32":{"start":{"line":64,"column":8},"end":{"line":64,"column":37}}},"fnMap":{"0":{"name":"(anonymous_0)","decl":{"start":{"line":17,"column":4},"end":{"line":17,"column":5}},"loc":{"start":{"line":17,"column":16},"end":{"line":30,"column":5}},"line":17},"1":{"name":"(anonymous_1)","decl":{"start":{"line":31,"column":4},"end":{"line":31,"column":5}},"loc":{"start":{"line":31,"column":15},"end":{"line":31,"column":36}},"line":31},"2":{"name":"(anonymous_2)","decl":{"start":{"line":36,"column":4},"end":{"line":36,"column":5}},"loc":{"start":{"line":36,"column":18},"end":{"line":36,"column":26}},"line":36},"3":{"name":"(anonymous_3)","decl":{"start":{"line":37,"column":4},"end":{"line":37,"column":5}},"loc":{"start":{"line":37,"column":21},"end":{"line":65,"column":5}},"line":37}},"branchMap":{"0":{"loc":{"start":{"line":19,"column":8},"end":{"line":28,"column":9}},"type":"if","locations":[{"start":{"line":19,"column":8},"end":{"line":28,"column":9}},{"start":{},"end":{}}],"line":19},"1":{"loc":{"start":{"line":22,"column":16},"end":{"line":24,"column":17}},"type":"if","locations":[{"start":{"line":22,"column":16},"end":{"line":24,"column":17}},{"start":{},"end":{}}],"line":22},"2":{"loc":{"start":{"line":39,"column":8},"end":{"line":63,"column":9}},"type":"if","locations":[{"start":{"line":39,"column":8},"end":{"line":63,"column":9}},{"start":{},"end":{}}],"line":39},"3":{"loc":{"start":{"line":39,"column":12},"end":{"line":39,"column":69}},"type":"binary-expr","locations":[{"start":{"line":39,"column":12},"end":{"line":39,"column":42}},{"start":{"line":39,"column":46},"end":{"line":39,"column":69}}],"line":39},"4":{"loc":{"start":{"line":43,"column":16},"end":{"line":56,"column":17}},"type":"if","locations":[{"start":{"line":43,"column":16},"end":{"line":56,"column":17}},{"start":{},"end":{}}],"line":43},"5":{"loc":{"start":{"line":45,"column":20},"end":{"line":55,"column":21}},"type":"if","locations":[{"start":{"line":45,"column":20},"end":{"line":55,"column":21}},{"start":{},"end":{}}],"line":45}},"s":{"0":5,"1":5,"2":5,"3":45,"4":45,"5":45,"6":45,"7":45,"8":45,"9":0,"10":45,"11":0,"12":5,"13":41,"14":4,"15":4,"16":0,"17":0,"18":0,"19":0,"20":0,"21":0,"22":0,"23":0,"24":0,"25":0,"26":0,"27":0,"28":0,"29":0,"30":0,"31":0,"32":4},"f":{"0":45,"1":0,"2":41,"3":4},"b":{"0":[45,0],"1":[45,0],"2":[0,4],"3":[4,0],"4":[0,0],"5":[0,0]},"_coverageSchema":"1a1c01bbd47fc00a2c39e90264f33305004495a9","hash":"8fbbed7798995d49f8a02b0184523be868094bf0"}
,"C:\\Users\\Artan\\Desktop\\DayStride-SQAT\\frontend\\src\\hooks\\UseGoal.js": {"path":"C:\\Users\\Artan\\Desktop\\DayStride-SQAT\\frontend\\src\\hooks\\UseGoal.js","statementMap":{"0":{"start":{"line":5,"column":21},"end":{"line":9,"column":1}},"1":{"start":{"line":11,"column":16},"end":{"line":71,"column":1}},"2":{"start":{"line":12,"column":30},"end":{"line":12,"column":52}},"3":{"start":{"line":14,"column":23},"end":{"line":24,"column":10}},"4":{"start":{"line":15,"column":8},"end":{"line":15,"column":55}},"5":{"start":{"line":15,"column":28},"end":{"line":15,"column":52}},"6":{"start":{"line":16,"column":8},"end":{"line":23,"column":15}},"7":{"start":{"line":18,"column":16},"end":{"line":18,"column":81}},"8":{"start":{"line":18,"column":36},"end":{"line":18,"column":78}},"9":{"start":{"line":21,"column":16},"end":{"line":21,"column":68}},"10":{"start":{"line":22,"column":16},"end":{"line":22,"column":75}},"11":{"start":{"line":22,"column":36},"end":{"line":22,"column":72}},"12":{"start":{"line":26,"column":27},"end":{"line":36,"column":10}},"13":{"start":{"line":27,"column":8},"end":{"line":27,"column":55}},"14":{"start":{"line":27,"column":28},"end":{"line":27,"column":52}},"15":{"start":{"line":28,"column":8},"end":{"line":35,"column":15}},"16":{"start":{"line":30,"column":16},"end":{"line":30,"column":85}},"17":{"start":{"line":30,"column":36},"end":{"line":30,"column":82}},"18":{"start":{"line":33,"column":16},"end":{"line":33,"column":66}},"19":{"start":{"line":34,"column":16},"end":{"line":34,"column":79}},"20":{"start":{"line":34,"column":36},"end":{"line":34,"column":76}},"21":{"start":{"line":38,"column":18},"end":{"line":45,"column":36}},"22":{"start":{"line":39,"column":8},"end":{"line":44,"column":68}},"23":{"start":{"line":41,"column":16},"end":{"line":41,"column":29}},"24":{"start":{"line":42,"column":16},"end":{"line":42,"column":33}},"25":{"start":{"line":44,"column":28},"end":{"line":44,"column":66}},"26":{"start":{"line":47,"column":19},"end":{"line":54,"column":36}},"27":{"start":{"line":48,"column":8},"end":{"line":53,"column":69}},"28":{"start":{"line":50,"column":16},"end":{"line":50,"column":29}},"29":{"start":{"line":51,"column":16},"end":{"line":51,"column":33}},"30":{"start":{"line":53,"column":28},"end":{"line":53,"column":67}},"31":{"start":{"line":56,"column":21},"end":{"line":63,"column":36}},"32":{"start":{"line":57,"column":8},"end":{"line":62,"column":71}},"33":{"start":{"line":59,"column":16},"end":{"line":59,"column":29}},"34":{"start":{"line":60,"column":16},"end":{"line":60,"column":33}},"35":{"start":{"line":62,"column":28},"end":{"line":62,"column":69}},"36":{"start":{"line":65,"column":4},"end":{"line":68,"column":37}},"37":{"start":{"line":66,"column":8},"end":{"line":66,"column":21}},"38":{"start":{"line":67,"column":8},"end":{"line":67,"column":25}},"39":{"start":{"line":70,"column":4},"end":{"line":70,"column":75}}},"fnMap":{"0":{"name":"(anonymous_0)","decl":{"start":{"line":11,"column":16},"end":{"line":11,"column":17}},"loc":{"start":{"line":11,"column":22},"end":{"line":71,"column":1}},"line":11},"1":{"name":"(anonymous_1)","decl":{"start":{"line":14,"column":35},"end":{"line":14,"column":36}},"loc":{"start":{"line":14,"column":41},"end":{"line":24,"column":5}},"line":14},"2":{"name":"(anonymous_2)","decl":{"start":{"line":15,"column":17},"end":{"line":15,"column":18}},"loc":{"start":{"line":15,"column":28},"end":{"line":15,"column":52}},"line":15},"3":{"name":"(anonymous_3)","decl":{"start":{"line":17,"column":18},"end":{"line":17,"column":19}},"loc":{"start":{"line":17,"column":27},"end":{"line":19,"column":13}},"line":17},"4":{"name":"(anonymous_4)","decl":{"start":{"line":18,"column":25},"end":{"line":18,"column":26}},"loc":{"start":{"line":18,"column":36},"end":{"line":18,"column":78}},"line":18},"5":{"name":"(anonymous_5)","decl":{"start":{"line":20,"column":19},"end":{"line":20,"column":20}},"loc":{"start":{"line":20,"column":28},"end":{"line":23,"column":13}},"line":20},"6":{"name":"(anonymous_6)","decl":{"start":{"line":22,"column":25},"end":{"line":22,"column":26}},"loc":{"start":{"line":22,"column":36},"end":{"line":22,"column":72}},"line":22},"7":{"name":"(anonymous_7)","decl":{"start":{"line":26,"column":39},"end":{"line":26,"column":40}},"loc":{"start":{"line":26,"column":45},"end":{"line":36,"column":5}},"line":26},"8":{"name":"(anonymous_8)","decl":{"start":{"line":27,"column":17},"end":{"line":27,"column":18}},"loc":{"start":{"line":27,"column":28},"end":{"line":27,"column":52}},"line":27},"9":{"name":"(anonymous_9)","decl":{"start":{"line":29,"column":18},"end":{"line":29,"column":19}},"loc":{"start":{"line":29,"column":27},"end":{"line":31,"column":13}},"line":29},"10":{"name":"(anonymous_10)","decl":{"start":{"line":30,"column":25},"end":{"line":30,"column":26}},"loc":{"start":{"line":30,"column":36},"end":{"line":30,"column":82}},"line":30},"11":{"name":"(anonymous_11)","decl":{"start":{"line":32,"column":19},"end":{"line":32,"column":20}},"loc":{"start":{"line":32,"column":28},"end":{"line":35,"column":13}},"line":32},"12":{"name":"(anonymous_12)","decl":{"start":{"line":34,"column":25},"end":{"line":34,"column":26}},"loc":{"start":{"line":34,"column":36},"end":{"line":34,"column":76}},"line":34},"13":{"name":"(anonymous_13)","decl":{"start":{"line":38,"column":30},"end":{"line":38,"column":31}},"loc":{"start":{"line":38,"column":40},"end":{"line":45,"column":5}},"line":38},"14":{"name":"(anonymous_14)","decl":{"start":{"line":40,"column":18},"end":{"line":40,"column":19}},"loc":{"start":{"line":40,"column":24},"end":{"line":43,"column":13}},"line":40},"15":{"name":"(anonymous_15)","decl":{"start":{"line":44,"column":19},"end":{"line":44,"column":20}},"loc":{"start":{"line":44,"column":28},"end":{"line":44,"column":66}},"line":44},"16":{"name":"(anonymous_16)","decl":{"start":{"line":47,"column":31},"end":{"line":47,"column":32}},"loc":{"start":{"line":47,"column":45},"end":{"line":54,"column":5}},"line":47},"17":{"name":"(anonymous_17)","decl":{"start":{"line":49,"column":18},"end":{"line":49,"column":19}},"loc":{"start":{"line":49,"column":24},"end":{"line":52,"column":13}},"line":49},"18":{"name":"(anonymous_18)","decl":{"start":{"line":53,"column":19},"end":{"line":53,"column":20}},"loc":{"start":{"line":53,"column":28},"end":{"line":53,"column":67}},"line":53},"19":{"name":"(anonymous_19)","decl":{"start":{"line":56,"column":33},"end":{"line":56,"column":34}},"loc":{"start":{"line":56,"column":41},"end":{"line":63,"column":5}},"line":56},"20":{"name":"(anonymous_20)","decl":{"start":{"line":58,"column":18},"end":{"line":58,"column":19}},"loc":{"start":{"line":58,"column":24},"end":{"line":61,"column":13}},"line":58},"21":{"name":"(anonymous_21)","decl":{"start":{"line":62,"column":19},"end":{"line":62,"column":20}},"loc":{"start":{"line":62,"column":28},"end":{"line":62,"column":69}},"line":62},"22":{"name":"(anonymous_22)","decl":{"start":{"line":65,"column":14},"end":{"line":65,"column":15}},"loc":{"start":{"line":65,"column":20},"end":{"line":68,"column":5}},"line":65}},"branchMap":{},"s":{"0":1,"1":1,"2":18,"3":18,"4":8,"5":8,"6":8,"7":7,"8":7,"9":1,"10":1,"11":1,"12":18,"13":8,"14":8,"15":8,"16":7,"17":7,"18":1,"19":1,"20":1,"21":18,"22":1,"23":1,"24":1,"25":0,"26":18,"27":1,"28":1,"29":1,"30":0,"31":18,"32":1,"33":1,"34":1,"35":0,"36":18,"37":5,"38":5,"39":18},"f":{"0":18,"1":8,"2":8,"3":7,"4":7,"5":1,"6":1,"7":8,"8":8,"9":7,"10":7,"11":1,"12":1,"13":1,"14":1,"15":0,"16":1,"17":1,"18":0,"19":1,"20":1,"21":0,"22":5},"b":{},"_coverageSchema":"1a1c01bbd47fc00a2c39e90264f33305004495a9","hash":"6b8d7a637109ed5e903a4d76672a0d24038a032a"}
,"C:\\Users\\Artan\\Desktop\\DayStride-SQAT\\frontend\\src\\hooks\\UseHabit.js": {"path":"C:\\Users\\Artan\\Desktop\\DayStride-SQAT\\frontend\\src\\hooks\\UseHabit.js","statementMap":{"0":{"start":{"line":4,"column":21},"end":{"line":7,"column":1}},"1":{"start":{"line":9,"column":17},"end":{"line":47,"column":1}},"2":{"start":{"line":10,"column":30},"end":{"line":10,"column":52}},"3":{"start":{"line":12,"column":24},"end":{"line":22,"column":10}},"4":{"start":{"line":13,"column":8},"end":{"line":13,"column":46}},"5":{"start":{"line":14,"column":8},"end":{"line":21,"column":15}},"6":{"start":{"line":16,"column":16},"end":{"line":16,"column":61}},"7":{"start":{"line":19,"column":16},"end":{"line":19,"column":62}},"8":{"start":{"line":20,"column":16},"end":{"line":20,"column":55}},"9":{"start":{"line":24,"column":18},"end":{"line":28,"column":21}},"10":{"start":{"line":25,"column":8},"end":{"line":27,"column":70}},"11":{"start":{"line":26,"column":24},"end":{"line":26,"column":37}},"12":{"start":{"line":27,"column":28},"end":{"line":27,"column":68}},"13":{"start":{"line":30,"column":19},"end":{"line":34,"column":21}},"14":{"start":{"line":31,"column":8},"end":{"line":33,"column":71}},"15":{"start":{"line":32,"column":24},"end":{"line":32,"column":37}},"16":{"start":{"line":33,"column":28},"end":{"line":33,"column":69}},"17":{"start":{"line":36,"column":21},"end":{"line":40,"column":21}},"18":{"start":{"line":37,"column":8},"end":{"line":39,"column":73}},"19":{"start":{"line":38,"column":24},"end":{"line":38,"column":37}},"20":{"start":{"line":39,"column":28},"end":{"line":39,"column":71}},"21":{"start":{"line":42,"column":4},"end":{"line":44,"column":22}},"22":{"start":{"line":43,"column":8},"end":{"line":43,"column":22}},"23":{"start":{"line":46,"column":4},"end":{"line":46,"column":47}}},"fnMap":{"0":{"name":"(anonymous_0)","decl":{"start":{"line":9,"column":17},"end":{"line":9,"column":18}},"loc":{"start":{"line":9,"column":23},"end":{"line":47,"column":1}},"line":9},"1":{"name":"(anonymous_1)","decl":{"start":{"line":12,"column":36},"end":{"line":12,"column":37}},"loc":{"start":{"line":12,"column":42},"end":{"line":22,"column":5}},"line":12},"2":{"name":"(anonymous_2)","decl":{"start":{"line":15,"column":18},"end":{"line":15,"column":19}},"loc":{"start":{"line":15,"column":27},"end":{"line":17,"column":13}},"line":15},"3":{"name":"(anonymous_3)","decl":{"start":{"line":18,"column":19},"end":{"line":18,"column":20}},"loc":{"start":{"line":18,"column":28},"end":{"line":21,"column":13}},"line":18},"4":{"name":"(anonymous_4)","decl":{"start":{"line":24,"column":30},"end":{"line":24,"column":31}},"loc":{"start":{"line":24,"column":40},"end":{"line":28,"column":5}},"line":24},"5":{"name":"(anonymous_5)","decl":{"start":{"line":26,"column":18},"end":{"line":26,"column":19}},"loc":{"start":{"line":26,"column":24},"end":{"line":26,"column":37}},"line":26},"6":{"name":"(anonymous_6)","decl":{"start":{"line":27,"column":19},"end":{"line":27,"column":20}},"loc":{"start":{"line":27,"column":28},"end":{"line":27,"column":68}},"line":27},"7":{"name":"(anonymous_7)","decl":{"start":{"line":30,"column":31},"end":{"line":30,"column":32}},"loc":{"start":{"line":30,"column":45},"end":{"line":34,"column":5}},"line":30},"8":{"name":"(anonymous_8)","decl":{"start":{"line":32,"column":18},"end":{"line":32,"column":19}},"loc":{"start":{"line":32,"column":24},"end":{"line":32,"column":37}},"line":32},"9":{"name":"(anonymous_9)","decl":{"start":{"line":33,"column":19},"end":{"line":33,"column":20}},"loc":{"start":{"line":33,"column":28},"end":{"line":33,"column":69}},"line":33},"10":{"name":"(anonymous_10)","decl":{"start":{"line":36,"column":33},"end":{"line":36,"column":34}},"loc":{"start":{"line":36,"column":41},"end":{"line":40,"column":5}},"line":36},"11":{"name":"(anonymous_11)","decl":{"start":{"line":38,"column":18},"end":{"line":38,"column":19}},"loc":{"start":{"line":38,"column":24},"end":{"line":38,"column":37}},"line":38},"12":{"name":"(anonymous_12)","decl":{"start":{"line":39,"column":19},"end":{"line":39,"column":20}},"loc":{"start":{"line":39,"column":28},"end":{"line":39,"column":71}},"line":39},"13":{"name":"(anonymous_13)","decl":{"start":{"line":42,"column":14},"end":{"line":42,"column":15}},"loc":{"start":{"line":42,"column":20},"end":{"line":44,"column":5}},"line":42}},"branchMap":{},"s":{"0":1,"1":1,"2":15,"3":15,"4":8,"5":8,"6":6,"7":2,"8":2,"9":15,"10":1,"11":1,"12":0,"13":15,"14":1,"15":1,"16":0,"17":15,"18":1,"19":1,"20":0,"21":15,"22":5,"23":15},"f":{"0":15,"1":8,"2":6,"3":2,"4":1,"5":1,"6":0,"7":1,"8":1,"9":0,"10":1,"11":1,"12":0,"13":5},"b":{},"_coverageSchema":"1a1c01bbd47fc00a2c39e90264f33305004495a9","hash":"3fa5744d52c2d4743e1c62cf5d72678bbf5d8e49"}
,"C:\\Users\\Artan\\Desktop\\DayStride-SQAT\\frontend\\src\\repository\\GoalRepository.js": {"path":"C:\\Users\\Artan\\Desktop\\DayStride-SQAT\\frontend\\src\\repository\\GoalRepository.js","statementMap":{"0":{"start":{"line":4,"column":23},"end":{"line":43,"column":1}},"1":{"start":{"line":7,"column":8},"end":{"line":7,"column":50}},"2":{"start":{"line":12,"column":8},"end":{"line":12,"column":53}},"3":{"start":{"line":16,"column":8},"end":{"line":16,"column":56}},"4":{"start":{"line":20,"column":8},"end":{"line":20,"column":68}},"5":{"start":{"line":24,"column":8},"end":{"line":24,"column":69}},"6":{"start":{"line":29,"column":8},"end":{"line":29,"column":57}},"7":{"start":{"line":33,"column":8},"end":{"line":33,"column":62}},"8":{"start":{"line":37,"column":8},"end":{"line":37,"column":64}},"9":{"start":{"line":41,"column":8},"end":{"line":41,"column":59}}},"fnMap":{"0":{"name":"(anonymous_0)","decl":{"start":{"line":5,"column":19},"end":{"line":5,"column":20}},"loc":{"start":{"line":5,"column":31},"end":{"line":8,"column":5}},"line":5},"1":{"name":"(anonymous_1)","decl":{"start":{"line":10,"column":19},"end":{"line":10,"column":20}},"loc":{"start":{"line":10,"column":31},"end":{"line":13,"column":5}},"line":10},"2":{"name":"(anonymous_2)","decl":{"start":{"line":15,"column":14},"end":{"line":15,"column":15}},"loc":{"start":{"line":15,"column":28},"end":{"line":17,"column":5}},"line":15},"3":{"name":"(anonymous_3)","decl":{"start":{"line":19,"column":14},"end":{"line":19,"column":15}},"loc":{"start":{"line":19,"column":28},"end":{"line":21,"column":5}},"line":19},"4":{"name":"(anonymous_4)","decl":{"start":{"line":23,"column":15},"end":{"line":23,"column":16}},"loc":{"start":{"line":23,"column":29},"end":{"line":25,"column":5}},"line":23},"5":{"name":"(anonymous_5)","decl":{"start":{"line":28,"column":12},"end":{"line":28,"column":13}},"loc":{"start":{"line":28,"column":28},"end":{"line":30,"column":5}},"line":28},"6":{"name":"(anonymous_6)","decl":{"start":{"line":32,"column":12},"end":{"line":32,"column":13}},"loc":{"start":{"line":32,"column":32},"end":{"line":34,"column":5}},"line":32},"7":{"name":"(anonymous_7)","decl":{"start":{"line":36,"column":19},"end":{"line":36,"column":20}},"loc":{"start":{"line":36,"column":39},"end":{"line":38,"column":5}},"line":36},"8":{"name":"(anonymous_8)","decl":{"start":{"line":40,"column":12},"end":{"line":40,"column":13}},"loc":{"start":{"line":40,"column":26},"end":{"line":42,"column":5}},"line":40}},"branchMap":{},"s":{"0":3,"1":9,"2":9,"3":1,"4":1,"5":1,"6":2,"7":2,"8":1,"9":2},"f":{"0":9,"1":9,"2":1,"3":1,"4":1,"5":2,"6":2,"7":1,"8":2},"b":{},"_coverageSchema":"1a1c01bbd47fc00a2c39e90264f33305004495a9","hash":"22583d22743f8f2552de60f2bc237d58ebee759e"}
,"C:\\Users\\Artan\\Desktop\\DayStride-SQAT\\frontend\\src\\repository\\HabitRepository.js": {"path":"C:\\Users\\Artan\\Desktop\\DayStride-SQAT\\frontend\\src\\repository\\HabitRepository.js","statementMap":{"0":{"start":{"line":4,"column":24},"end":{"line":4,"column":46}}},"fnMap":{},"branchMap":{},"s":{"0":2},"f":{},"b":{},"_coverageSchema":"1a1c01bbd47fc00a2c39e90264f33305004495a9","hash":"7c71f539420e20b6c1096b8282d49b319928db32"}
,"C:\\Users\\Artan\\Desktop\\DayStride-SQAT\\frontend\\src\\repository\\IRepository.js": {"path":"C:\\Users\\Artan\\Desktop\\DayStride-SQAT\\frontend\\src\\repository\\IRepository.js","statementMap":{"0":{"start":{"line":4,"column":20},"end":{"line":28,"column":2}},"1":{"start":{"line":4,"column":33},"end":{"line":28,"column":1}},"2":{"start":{"line":6,"column":4},"end":{"line":6,"column":49}},"3":{"start":{"line":10,"column":4},"end":{"line":10,"column":55}},"4":{"start":{"line":14,"column":4},"end":{"line":14,"column":56}},"5":{"start":{"line":18,"column":4},"end":{"line":18,"column":61}},"6":{"start":{"line":22,"column":4},"end":{"line":22,"column":63}},"7":{"start":{"line":26,"column":4},"end":{"line":26,"column":58}}},"fnMap":{"0":{"name":"(anonymous_0)","decl":{"start":{"line":4,"column":20},"end":{"line":4,"column":21}},"loc":{"start":{"line":4,"column":33},"end":{"line":28,"column":1}},"line":4},"1":{"name":"(anonymous_1)","decl":{"start":{"line":5,"column":11},"end":{"line":5,"column":12}},"loc":{"start":{"line":5,"column":23},"end":{"line":7,"column":3}},"line":5},"2":{"name":"(anonymous_2)","decl":{"start":{"line":9,"column":12},"end":{"line":9,"column":13}},"loc":{"start":{"line":9,"column":26},"end":{"line":11,"column":3}},"line":9},"3":{"name":"(anonymous_3)","decl":{"start":{"line":13,"column":10},"end":{"line":13,"column":11}},"loc":{"start":{"line":13,"column":26},"end":{"line":15,"column":3}},"line":13},"4":{"name":"(anonymous_4)","decl":{"start":{"line":17,"column":10},"end":{"line":17,"column":11}},"loc":{"start":{"line":17,"column":30},"end":{"line":19,"column":3}},"line":17},"5":{"name":"(anonymous_5)","decl":{"start":{"line":21,"column":17},"end":{"line":21,"column":18}},"loc":{"start":{"line":21,"column":37},"end":{"line":23,"column":3}},"line":21},"6":{"name":"(anonymous_6)","decl":{"start":{"line":25,"column":10},"end":{"line":25,"column":11}},"loc":{"start":{"line":25,"column":24},"end":{"line":27,"column":3}},"line":25}},"branchMap":{},"s":{"0":2,"1":2,"2":9,"3":1,"4":2,"5":2,"6":1,"7":2},"f":{"0":2,"1":9,"2":1,"3":2,"4":2,"5":1,"6":2},"b":{},"_coverageSchema":"1a1c01bbd47fc00a2c39e90264f33305004495a9","hash":"bc53c763adae412e290b595fe90137eeb35c9e2e"}
,"C:\\Users\\Artan\\Desktop\\DayStride-SQAT\\frontend\\src\\ui\\components\\goals\\GoalCard.jsx": {"path":"C:\\Users\\Artan\\Desktop\\DayStride-SQAT\\frontend\\src\\ui\\components\\goals\\GoalCard.jsx","statementMap":{"0":{"start":{"line":5,"column":17},"end":{"line":98,"column":1}},"1":{"start":{"line":6,"column":4},"end":{"line":97,"column":6}},"2":{"start":{"line":61,"column":43},"end":{"line":61,"column":60}},"3":{"start":{"line":73,"column":43},"end":{"line":73,"column":62}},"4":{"start":{"line":87,"column":39},"end":{"line":87,"column":57}}},"fnMap":{"0":{"name":"(anonymous_0)","decl":{"start":{"line":5,"column":17},"end":{"line":5,"column":18}},"loc":{"start":{"line":5,"column":88},"end":{"line":98,"column":1}},"line":5},"1":{"name":"(anonymous_1)","decl":{"start":{"line":61,"column":37},"end":{"line":61,"column":38}},"loc":{"start":{"line":61,"column":43},"end":{"line":61,"column":60}},"line":61},"2":{"name":"(anonymous_2)","decl":{"start":{"line":73,"column":37},"end":{"line":73,"column":38}},"loc":{"start":{"line":73,"column":43},"end":{"line":73,"column":62}},"line":73},"3":{"name":"(anonymous_3)","decl":{"start":{"line":87,"column":33},"end":{"line":87,"column":34}},"loc":{"start":{"line":87,"column":39},"end":{"line":87,"column":57}},"line":87}},"branchMap":{"0":{"loc":{"start":{"line":5,"column":67},"end":{"line":5,"column":82}},"type":"default-arg","locations":[{"start":{"line":5,"column":81},"end":{"line":5,"column":82}}],"line":5},"1":{"loc":{"start":{"line":18,"column":17},"end":{"line":22,"column":17}},"type":"binary-expr","locations":[{"start":{"line":18,"column":17},"end":{"line":18,"column":31}},{"start":{"line":19,"column":20},"end":{"line":21,"column":28}}],"line":18},"2":{"loc":{"start":{"line":23,"column":17},"end":{"line":27,"column":17}},"type":"binary-expr","locations":[{"start":{"line":23,"column":17},"end":{"line":23,"column":31}},{"start":{"line":23,"column":35},"end":{"line":23,"column":48}},{"start":{"line":24,"column":20},"end":{"line":26,"column":28}}],"line":23},"3":{"loc":{"start":{"line":31,"column":17},"end":{"line":31,"column":63}},"type":"binary-expr","locations":[{"start":{"line":31,"column":17},"end":{"line":31,"column":33}},{"start":{"line":31,"column":37},"end":{"line":31,"column":63}}],"line":31},"4":{"loc":{"start":{"line":35,"column":17},"end":{"line":39,"column":17}},"type":"binary-expr","locations":[{"start":{"line":35,"column":17},"end":{"line":35,"column":30}},{"start":{"line":36,"column":20},"end":{"line":38,"column":28}}],"line":35},"5":{"loc":{"start":{"line":40,"column":17},"end":{"line":44,"column":17}},"type":"binary-expr","locations":[{"start":{"line":40,"column":17},"end":{"line":40,"column":30}},{"start":{"line":41,"column":20},"end":{"line":43,"column":28}}],"line":40},"6":{"loc":{"start":{"line":47,"column":13},"end":{"line":51,"column":13}},"type":"binary-expr","locations":[{"start":{"line":47,"column":13},"end":{"line":47,"column":27}},{"start":{"line":47,"column":31},"end":{"line":47,"column":44}},{"start":{"line":48,"column":16},"end":{"line":50,"column":23}}],"line":47},"7":{"loc":{"start":{"line":49,"column":45},"end":{"line":49,"column":81}},"type":"cond-expr","locations":[{"start":{"line":49,"column":65},"end":{"line":49,"column":71}},{"start":{"line":49,"column":74},"end":{"line":49,"column":81}}],"line":49},"8":{"loc":{"start":{"line":54,"column":17},"end":{"line":94,"column":17}},"type":"cond-expr","locations":[{"start":{"line":55,"column":20},"end":{"line":80,"column":23}},{"start":{"line":82,"column":20},"end":{"line":93,"column":29}}],"line":54}},"s":{"0":1,"1":4,"2":1,"3":1,"4":1},"f":{"0":4,"1":1,"2":1,"3":1},"b":{"0":[3],"1":[4,1],"2":[4,4,3],"3":[4,0],"4":[4,4],"5":[4,4],"6":[4,4,3],"7":[0,3],"8":[3,1]},"_coverageSchema":"1a1c01bbd47fc00a2c39e90264f33305004495a9","hash":"13e723f51ce6c7049bdb7df26734dd80441bf524"}
,"C:\\Users\\Artan\\Desktop\\DayStride-SQAT\\frontend\\src\\ui\\components\\goals\\GoalDetails.jsx": {"path":"C:\\Users\\Artan\\Desktop\\DayStride-SQAT\\frontend\\src\\ui\\components\\goals\\GoalDetails.jsx","statementMap":{"0":{"start":{"line":5,"column":20},"end":{"line":50,"column":1}},"1":{"start":{"line":6,"column":4},"end":{"line":49,"column":6}}},"fnMap":{"0":{"name":"(anonymous_0)","decl":{"start":{"line":5,"column":20},"end":{"line":5,"column":21}},"loc":{"start":{"line":5,"column":40},"end":{"line":50,"column":1}},"line":5}},"branchMap":{"0":{"loc":{"start":{"line":18,"column":17},"end":{"line":22,"column":17}},"type":"binary-expr","locations":[{"start":{"line":18,"column":17},"end":{"line":18,"column":31}},{"start":{"line":19,"column":20},"end":{"line":21,"column":28}}],"line":18},"1":{"loc":{"start":{"line":26,"column":17},"end":{"line":26,"column":63}},"type":"binary-expr","locations":[{"start":{"line":26,"column":17},"end":{"line":26,"column":33}},{"start":{"line":26,"column":37},"end":{"line":26,"column":63}}],"line":26},"2":{"loc":{"start":{"line":30,"column":17},"end":{"line":34,"column":17}},"type":"binary-expr","locations":[{"start":{"line":30,"column":17},"end":{"line":30,"column":30}},{"start":{"line":31,"column":20},"end":{"line":33,"column":28}}],"line":30},"3":{"loc":{"start":{"line":35,"column":17},"end":{"line":39,"column":17}},"type":"binary-expr","locations":[{"start":{"line":35,"column":17},"end":{"line":35,"column":30}},{"start":{"line":36,"column":20},"end":{"line":38,"column":28}}],"line":35},"4":{"loc":{"start":{"line":42,"column":13},"end":{"line":46,"column":13}},"type":"binary-expr","locations":[{"start":{"line":42,"column":13},"end":{"line":42,"column":27}},{"start":{"line":43,"column":16},"end":{"line":45,"column":23}}],"line":42},"5":{"loc":{"start":{"line":44,"column":31},"end":{"line":44,"column":53}},"type":"binary-expr","locations":[{"start":{"line":44,"column":31},"end":{"line":44,"column":48}},{"start":{"line":44,"column":52},"end":{"line":44,"column":53}}],"line":44},"6":{"loc":{"start":{"line":44,"column":56},"end":{"line":44,"column":98}},"type":"cond-expr","locations":[{"start":{"line":44,"column":82},"end":{"line":44,"column":88}},{"start":{"line":44,"column":91},"end":{"line":44,"column":98}}],"line":44}},"s":{"0":1,"1":1},"f":{"0":1},"b":{"0":[1,1],"1":[1,0],"2":[1,1],"3":[1,1],"4":[1,1],"5":[1,1],"6":[0,1]},"_coverageSchema":"1a1c01bbd47fc00a2c39e90264f33305004495a9","hash":"9932c9e07b47f70ccd6481216870bbdd56692b55"}
,"C:\\Users\\Artan\\Desktop\\DayStride-SQAT\\frontend\\src\\ui\\components\\goals\\GoalGrid.jsx": {"path":"C:\\Users\\Artan\\Desktop\\DayStride-SQAT\\frontend\\src\\ui\\components\\goals\\GoalGrid.jsx","statementMap":{"0":{"start":{"line":5,"column":17},"end":{"line":19,"column":1}},"1":{"start":{"line":6,"column":4},"end":{"line":18,"column":6}},"2":{"start":{"line":9,"column":16},"end":{"line":15,"column":18}}},"fnMap":{"0":{"name":"(anonymous_0)","decl":{"start":{"line":5,"column":17},"end":{"line":5,"column":18}},"loc":{"start":{"line":5,"column":62},"end":{"line":19,"column":1}},"line":5},"1":{"name":"(anonymous_1)","decl":{"start":{"line":8,"column":23},"end":{"line":8,"column":24}},"loc":{"start":{"line":9,"column":16},"end":{"line":15,"column":18}},"line":9}},"branchMap":{},"s":{"0":1,"1":1,"2":2},"f":{"0":1,"1":2},"b":{},"_coverageSchema":"1a1c01bbd47fc00a2c39e90264f33305004495a9","hash":"06b6a82bc61b11a3385fffdb57d8d0b611bedc4f"}
,"C:\\Users\\Artan\\Desktop\\DayStride-SQAT\\frontend\\src\\ui\\components\\goals\\GoalInfoCard.jsx": {"path":"C:\\Users\\Artan\\Desktop\\DayStride-SQAT\\frontend\\src\\ui\\components\\goals\\GoalInfoCard.jsx","statementMap":{"0":{"start":{"line":6,"column":21},"end":{"line":42,"column":1}},"1":{"start":{"line":7,"column":4},"end":{"line":41,"column":6}}},"fnMap":{"0":{"name":"(anonymous_0)","decl":{"start":{"line":6,"column":21},"end":{"line":6,"column":22}},"loc":{"start":{"line":6,"column":33},"end":{"line":42,"column":1}},"line":6}},"branchMap":{"0":{"loc":{"start":{"line":19,"column":25},"end":{"line":27,"column":25}},"type":"binary-expr","locations":[{"start":{"line":19,"column":25},"end":{"line":19,"column":38}},{"start":{"line":20,"column":28},"end":{"line":26,"column":36}}],"line":19},"1":{"loc":{"start":{"line":28,"column":25},"end":{"line":36,"column":25}},"type":"binary-expr","locations":[{"start":{"line":28,"column":25},"end":{"line":28,"column":38}},{"start":{"line":29,"column":28},"end":{"line":35,"column":36}}],"line":28}},"s":{"0":1,"1":1},"f":{"0":1},"b":{"0":[1,1],"1":[1,1]},"_coverageSchema":"1a1c01bbd47fc00a2c39e90264f33305004495a9","hash":"2d0f83eea06fd10dcf44127e2afb10fd9d653aff"}
,"C:\\Users\\Artan\\Desktop\\DayStride-SQAT\\frontend\\tests\\integration\\in-the-small\\mocks\\goalMocks.js": {"path":"C:\\Users\\Artan\\Desktop\\DayStride-SQAT\\frontend\\tests\\integration\\in-the-small\\mocks\\goalMocks.js","statementMap":{"0":{"start":{"line":4,"column":13},"end":{"line":4,"column":43}},"1":{"start":{"line":6,"column":24},"end":{"line":14,"column":1}},"2":{"start":{"line":16,"column":25},"end":{"line":36,"column":1}},"3":{"start":{"line":38,"column":0},"end":{"line":38,"column":69}},"4":{"start":{"line":38,"column":55},"end":{"line":38,"column":66}},"5":{"start":{"line":39,"column":0},"end":{"line":39,"column":47}},"6":{"start":{"line":40,"column":0},"end":{"line":40,"column":49}},"7":{"start":{"line":41,"column":0},"end":{"line":41,"column":58}},"8":{"start":{"line":42,"column":0},"end":{"line":42,"column":59}},"9":{"start":{"line":43,"column":0},"end":{"line":43,"column":48}},"10":{"start":{"line":44,"column":0},"end":{"line":44,"column":49}},"11":{"start":{"line":45,"column":0},"end":{"line":45,"column":51}},"12":{"start":{"line":46,"column":0},"end":{"line":46,"column":38}}},"fnMap":{"0":{"name":"(anonymous_0)","decl":{"start":{"line":38,"column":50},"end":{"line":38,"column":51}},"loc":{"start":{"line":38,"column":55},"end":{"line":38,"column":66}},"line":38}},"branchMap":{},"s":{"0":3,"1":3,"2":3,"3":3,"4":6,"5":3,"6":3,"7":3,"8":3,"9":3,"10":3,"11":3,"12":3},"f":{"0":6},"b":{},"_coverageSchema":"1a1c01bbd47fc00a2c39e90264f33305004495a9","hash":"cd956be3cec1934a16a1ae0ec764acb52b70e854"}
,"C:\\Users\\Artan\\Desktop\\DayStride-SQAT\\frontend\\tests\\integration\\in-the-small\\mocks\\habitMocks.js": {"path":"C:\\Users\\Artan\\Desktop\\DayStride-SQAT\\frontend\\tests\\integration\\in-the-small\\mocks\\habitMocks.js","statementMap":{"0":{"start":{"line":5,"column":23},"end":{"line":5,"column":36}},"1":{"start":{"line":7,"column":26},"end":{"line":22,"column":1}},"2":{"start":{"line":24,"column":20},"end":{"line":24,"column":73}},"3":{"start":{"line":26,"column":0},"end":{"line":26,"column":46}},"4":{"start":{"line":27,"column":0},"end":{"line":27,"column":51}},"5":{"start":{"line":28,"column":0},"end":{"line":28,"column":50}},"6":{"start":{"line":29,"column":0},"end":{"line":29,"column":51}},"7":{"start":{"line":30,"column":0},"end":{"line":30,"column":53}},"8":{"start":{"line":31,"column":0},"end":{"line":31,"column":39}}},"fnMap":{},"branchMap":{},"s":{"0":2,"1":2,"2":2,"3":2,"4":2,"5":2,"6":2,"7":2,"8":2},"f":{},"b":{},"_coverageSchema":"1a1c01bbd47fc00a2c39e90264f33305004495a9","hash":"7984ac35e4e08891158960a9be9747344113ffc0"}
}
