TN:
SF:src\axios\axios.jsx
FN:17,(anonymous_0)
FN:31,(anonymous_1)
FN:36,(anonymous_2)
FN:37,(anonymous_3)
FNF:4
FNH:3
FNDA:94,(anonymous_0)
FNDA:0,(anonymous_1)
FNDA:93,(anonymous_2)
FNDA:1,(anonymous_3)
DA:6,5
DA:7,5
DA:16,5
DA:18,94
DA:19,94
DA:20,82
DA:21,82
DA:22,82
DA:23,82
DA:26,0
DA:29,94
DA:31,0
DA:35,5
DA:36,93
DA:38,1
DA:39,1
DA:40,1
DA:41,1
DA:42,1
DA:43,1
DA:44,0
DA:45,0
DA:46,0
DA:50,0
DA:51,0
DA:52,0
DA:53,0
DA:54,0
DA:58,0
DA:59,0
DA:60,0
DA:61,0
DA:64,1
LF:33
LH:19
BRDA:19,0,0,82
BRDA:19,0,1,12
BRDA:22,1,0,82
BRDA:22,1,1,0
BRDA:39,2,0,1
BRDA:39,2,1,0
BRDA:39,3,0,1
BRDA:39,3,1,1
BRDA:43,4,0,0
BRDA:43,4,1,1
BRDA:45,5,0,0
BRDA:45,5,1,0
BRF:12
BRH:7
end_of_record
TN:
SF:src\repository\DashBoardRepository.js
FN:5,(anonymous_0)
FNF:1
FNH:1
FNDA:1,(anonymous_0)
DA:4,1
DA:6,1
LF:2
LH:2
BRF:0
BRH:0
end_of_record
TN:
SF:src\repository\GoalRepository.js
FN:5,(anonymous_0)
FN:10,(anonymous_1)
FN:15,(anonymous_2)
FN:19,(anonymous_3)
FN:23,(anonymous_4)
FN:28,(anonymous_5)
FN:32,(anonymous_6)
FN:36,(anonymous_7)
FN:40,(anonymous_8)
FNF:9
FNH:8
FNDA:1,(anonymous_0)
FNDA:0,(anonymous_1)
FNDA:2,(anonymous_2)
FNDA:1,(anonymous_3)
FNDA:1,(anonymous_4)
FNDA:14,(anonymous_5)
FNDA:1,(anonymous_6)
FNDA:1,(anonymous_7)
FNDA:14,(anonymous_8)
DA:4,2
DA:7,1
DA:12,0
DA:16,2
DA:20,1
DA:24,1
DA:29,14
DA:33,1
DA:37,1
DA:41,14
LF:10
LH:9
BRF:0
BRH:0
end_of_record
TN:
SF:src\repository\HabitRepository.js
FNF:0
FNH:0
DA:4,2
LF:1
LH:1
BRF:0
BRH:0
end_of_record
TN:
SF:src\repository\IRepository.js
FN:4,(anonymous_0)
FN:5,(anonymous_1)
FN:9,(anonymous_2)
FN:13,(anonymous_3)
FN:17,(anonymous_4)
FN:21,(anonymous_5)
FN:25,(anonymous_6)
FNF:7
FNH:7
FNDA:4,(anonymous_0)
FNDA:3,(anonymous_1)
FNDA:1,(anonymous_2)
FNDA:27,(anonymous_3)
FNDA:1,(anonymous_4)
FNDA:1,(anonymous_5)
FNDA:13,(anonymous_6)
DA:4,4
DA:6,3
DA:10,1
DA:14,27
DA:18,1
DA:22,1
DA:26,13
LF:7
LH:7
BRF:0
BRH:0
end_of_record
TN:
SF:src\repository\ToDoRepository.js
FNF:0
FNH:0
DA:4,2
LF:1
LH:1
BRF:0
BRH:0
end_of_record
TN:
SF:tests\integration\in-the-large\Mock\mockGoals.js
FNF:0
FNH:0
DA:1,2
LF:1
LH:1
BRF:0
BRH:0
end_of_record
TN:
SF:tests\integration\in-the-large\Mock\mockHabits.js
FNF:0
FNH:0
DA:1,2
DA:3,2
LF:2
LH:2
BRF:0
BRH:0
end_of_record
TN:
SF:tests\integration\in-the-large\Mock\mockTodos.js
FNF:0
FNH:0
DA:1,2
LF:1
LH:1
BRF:0
BRH:0
end_of_record
