TN:
SF:src\axios\axios.jsx
FN:17,(anonymous_0)
FN:31,(anonymous_1)
FN:36,(anonymous_2)
FN:37,(anonymous_3)
FNF:4
FNH:3
FNDA:45,(anonymous_0)
FNDA:0,(anonymous_1)
FNDA:41,(anonymous_2)
FNDA:4,(anonymous_3)
DA:6,5
DA:7,5
DA:16,5
DA:18,45
DA:19,45
DA:20,45
DA:21,45
DA:22,45
DA:23,45
DA:26,0
DA:29,45
DA:31,0
DA:35,5
DA:36,41
DA:38,4
DA:39,4
DA:40,0
DA:41,0
DA:42,0
DA:43,0
DA:44,0
DA:45,0
DA:46,0
DA:50,0
DA:51,0
DA:52,0
DA:53,0
DA:54,0
DA:58,0
DA:59,0
DA:60,0
DA:61,0
DA:64,4
LF:33
LH:15
BRDA:19,0,0,45
BRDA:19,0,1,0
BRDA:22,1,0,45
BRDA:22,1,1,0
BRDA:39,2,0,0
BRDA:39,2,1,4
BRDA:39,3,0,4
BRDA:39,3,1,0
BRDA:43,4,0,0
BRDA:43,4,1,0
BRDA:45,5,0,0
BRDA:45,5,1,0
BRF:12
BRH:4
end_of_record
TN:
SF:src\hooks\UseGoal.js
FN:11,(anonymous_0)
FN:14,(anonymous_1)
FN:15,(anonymous_2)
FN:17,(anonymous_3)
FN:18,(anonymous_4)
FN:20,(anonymous_5)
FN:22,(anonymous_6)
FN:26,(anonymous_7)
FN:27,(anonymous_8)
FN:29,(anonymous_9)
FN:30,(anonymous_10)
FN:32,(anonymous_11)
FN:34,(anonymous_12)
FN:38,(anonymous_13)
FN:40,(anonymous_14)
FN:44,(anonymous_15)
FN:47,(anonymous_16)
FN:49,(anonymous_17)
FN:53,(anonymous_18)
FN:56,(anonymous_19)
FN:58,(anonymous_20)
FN:62,(anonymous_21)
FN:65,(anonymous_22)
FNF:23
FNH:20
FNDA:18,(anonymous_0)
FNDA:8,(anonymous_1)
FNDA:8,(anonymous_2)
FNDA:7,(anonymous_3)
FNDA:7,(anonymous_4)
FNDA:1,(anonymous_5)
FNDA:1,(anonymous_6)
FNDA:8,(anonymous_7)
FNDA:8,(anonymous_8)
FNDA:7,(anonymous_9)
FNDA:7,(anonymous_10)
FNDA:1,(anonymous_11)
FNDA:1,(anonymous_12)
FNDA:1,(anonymous_13)
FNDA:1,(anonymous_14)
FNDA:0,(anonymous_15)
FNDA:1,(anonymous_16)
FNDA:1,(anonymous_17)
FNDA:0,(anonymous_18)
FNDA:1,(anonymous_19)
FNDA:1,(anonymous_20)
FNDA:0,(anonymous_21)
FNDA:5,(anonymous_22)
DA:5,1
DA:11,1
DA:12,18
DA:14,18
DA:15,8
DA:16,8
DA:18,7
DA:21,1
DA:22,1
DA:26,18
DA:27,8
DA:28,8
DA:30,7
DA:33,1
DA:34,1
DA:38,18
DA:39,1
DA:41,1
DA:42,1
DA:44,0
DA:47,18
DA:48,1
DA:50,1
DA:51,1
DA:53,0
DA:56,18
DA:57,1
DA:59,1
DA:60,1
DA:62,0
DA:65,18
DA:66,5
DA:67,5
DA:70,18
LF:34
LH:31
BRF:0
BRH:0
end_of_record
TN:
SF:src\hooks\UseHabit.js
FN:9,(anonymous_0)
FN:12,(anonymous_1)
FN:15,(anonymous_2)
FN:18,(anonymous_3)
FN:24,(anonymous_4)
FN:26,(anonymous_5)
FN:27,(anonymous_6)
FN:30,(anonymous_7)
FN:32,(anonymous_8)
FN:33,(anonymous_9)
FN:36,(anonymous_10)
FN:38,(anonymous_11)
FN:39,(anonymous_12)
FN:42,(anonymous_13)
FNF:14
FNH:11
FNDA:15,(anonymous_0)
FNDA:8,(anonymous_1)
FNDA:6,(anonymous_2)
FNDA:2,(anonymous_3)
FNDA:1,(anonymous_4)
FNDA:1,(anonymous_5)
FNDA:0,(anonymous_6)
FNDA:1,(anonymous_7)
FNDA:1,(anonymous_8)
FNDA:0,(anonymous_9)
FNDA:1,(anonymous_10)
FNDA:1,(anonymous_11)
FNDA:0,(anonymous_12)
FNDA:5,(anonymous_13)
DA:4,1
DA:9,1
DA:10,15
DA:12,15
DA:13,8
DA:14,8
DA:16,6
DA:19,2
DA:20,2
DA:24,15
DA:25,1
DA:26,1
DA:27,0
DA:30,15
DA:31,1
DA:32,1
DA:33,0
DA:36,15
DA:37,1
DA:38,1
DA:39,0
DA:42,15
DA:43,5
DA:46,15
LF:24
LH:21
BRF:0
BRH:0
end_of_record
TN:
SF:src\repository\GoalRepository.js
FN:5,(anonymous_0)
FN:10,(anonymous_1)
FN:15,(anonymous_2)
FN:19,(anonymous_3)
FN:23,(anonymous_4)
FN:28,(anonymous_5)
FN:32,(anonymous_6)
FN:36,(anonymous_7)
FN:40,(anonymous_8)
FNF:9
FNH:9
FNDA:9,(anonymous_0)
FNDA:9,(anonymous_1)
FNDA:1,(anonymous_2)
FNDA:1,(anonymous_3)
FNDA:1,(anonymous_4)
FNDA:2,(anonymous_5)
FNDA:2,(anonymous_6)
FNDA:1,(anonymous_7)
FNDA:2,(anonymous_8)
DA:4,3
DA:7,9
DA:12,9
DA:16,1
DA:20,1
DA:24,1
DA:29,2
DA:33,2
DA:37,1
DA:41,2
LF:10
LH:10
BRF:0
BRH:0
end_of_record
TN:
SF:src\repository\HabitRepository.js
FNF:0
FNH:0
DA:4,2
LF:1
LH:1
BRF:0
BRH:0
end_of_record
TN:
SF:src\repository\IRepository.js
FN:4,(anonymous_0)
FN:5,(anonymous_1)
FN:9,(anonymous_2)
FN:13,(anonymous_3)
FN:17,(anonymous_4)
FN:21,(anonymous_5)
FN:25,(anonymous_6)
FNF:7
FNH:7
FNDA:2,(anonymous_0)
FNDA:9,(anonymous_1)
FNDA:1,(anonymous_2)
FNDA:2,(anonymous_3)
FNDA:2,(anonymous_4)
FNDA:1,(anonymous_5)
FNDA:2,(anonymous_6)
DA:4,2
DA:6,9
DA:10,1
DA:14,2
DA:18,2
DA:22,1
DA:26,2
LF:7
LH:7
BRF:0
BRH:0
end_of_record
TN:
SF:src\ui\components\goals\GoalCard.jsx
FN:5,(anonymous_0)
FN:61,(anonymous_1)
FN:73,(anonymous_2)
FN:87,(anonymous_3)
FNF:4
FNH:4
FNDA:4,(anonymous_0)
FNDA:1,(anonymous_1)
FNDA:1,(anonymous_2)
FNDA:1,(anonymous_3)
DA:5,1
DA:6,4
DA:61,1
DA:73,1
DA:87,1
LF:5
LH:5
BRDA:5,0,0,3
BRDA:18,1,0,4
BRDA:18,1,1,1
BRDA:23,2,0,4
BRDA:23,2,1,4
BRDA:23,2,2,3
BRDA:31,3,0,4
BRDA:31,3,1,0
BRDA:35,4,0,4
BRDA:35,4,1,4
BRDA:40,5,0,4
BRDA:40,5,1,4
BRDA:47,6,0,4
BRDA:47,6,1,4
BRDA:47,6,2,3
BRDA:49,7,0,0
BRDA:49,7,1,3
BRDA:54,8,0,3
BRDA:54,8,1,1
BRF:19
BRH:17
end_of_record
TN:
SF:src\ui\components\goals\GoalDetails.jsx
FN:5,(anonymous_0)
FNF:1
FNH:1
FNDA:1,(anonymous_0)
DA:5,1
DA:6,1
LF:2
LH:2
BRDA:18,0,0,1
BRDA:18,0,1,1
BRDA:26,1,0,1
BRDA:26,1,1,0
BRDA:30,2,0,1
BRDA:30,2,1,1
BRDA:35,3,0,1
BRDA:35,3,1,1
BRDA:42,4,0,1
BRDA:42,4,1,1
BRDA:44,5,0,1
BRDA:44,5,1,1
BRDA:44,6,0,0
BRDA:44,6,1,1
BRF:14
BRH:12
end_of_record
TN:
SF:src\ui\components\goals\GoalGrid.jsx
FN:5,(anonymous_0)
FN:8,(anonymous_1)
FNF:2
FNH:2
FNDA:1,(anonymous_0)
FNDA:2,(anonymous_1)
DA:5,1
DA:6,1
DA:9,2
LF:3
LH:3
BRF:0
BRH:0
end_of_record
TN:
SF:src\ui\components\goals\GoalInfoCard.jsx
FN:6,(anonymous_0)
FNF:1
FNH:1
FNDA:1,(anonymous_0)
DA:6,1
DA:7,1
LF:2
LH:2
BRDA:19,0,0,1
BRDA:19,0,1,1
BRDA:28,1,0,1
BRDA:28,1,1,1
BRF:4
BRH:4
end_of_record
TN:
SF:tests\integration\in-the-small\mocks\goalMocks.js
FN:38,(anonymous_0)
FNF:1
FNH:1
FNDA:6,(anonymous_0)
DA:4,3
DA:6,3
DA:16,3
DA:38,6
DA:39,3
DA:40,3
DA:41,3
DA:42,3
DA:43,3
DA:44,3
DA:45,3
DA:46,3
LF:12
LH:12
BRF:0
BRH:0
end_of_record
TN:
SF:tests\integration\in-the-small\mocks\habitMocks.js
FNF:0
FNH:0
DA:5,2
DA:7,2
DA:24,2
DA:26,2
DA:27,2
DA:28,2
DA:29,2
DA:30,2
DA:31,2
LF:9
LH:9
BRF:0
BRH:0
end_of_record
